<?xml version="1.0" encoding="UTF-8"?>
<!-- Generated by org.testng.reporters.JUnitReportReporter -->
<testsuite hostname="DESKTOP-ML4V919" failures="0" tests="7" name="com.test.Automation.Automation.homePage.LoginInvalid" time="11.854" errors="0" timestamp="13 Dec 2017 19:23:11 GMT" skipped="4">
  <testcase classname="com.test.Automation.Automation.homePage.LoginInvalid" name="verifyLogin" time="3.757"/>
  <testcase classname="com.test.Automation.Automation.homePage.LoginInvalid" name="verifyLogin" time="4.431"/>
  <testcase classname="com.test.Automation.Automation.homePage.LoginInvalid" name="verifyLogin" time="0.004">
    <skipped/>
  </testcase> <!-- verifyLogin -->
  <testcase classname="com.test.Automation.Automation.homePage.LoginInvalid" name="verifyLogin" time="3.648"/>
  <testcase classname="com.test.Automation.Automation.homePage.LoginInvalid" name="verifyLogin" time="0.002">
    <skipped/>
  </testcase> <!-- verifyLogin -->
  <testcase classname="com.test.Automation.Automation.homePage.LoginInvalid" name="verifyLogin" time="0.008">
    <skipped/>
  </testcase> <!-- verifyLogin -->
  <testcase classname="com.test.Automation.Automation.homePage.LoginInvalid" name="verifyLogin" time="0.004">
    <skipped/>
  </testcase> <!-- verifyLogin -->
</testsuite> <!-- com.test.Automation.Automation.homePage.LoginInvalid -->
